error - [22-04-2025 11:52:59]: Exception: php_network_getaddresses: getaddrinfo for db5017708354.hosting-data.io failed: Der angegebene Host ist unbekannt.  
Error - [22-04-2025 11:52:59]: conn Variable is empty, Function: getTranslation 
Error - [22-04-2025 11:52:59]: conn Variable is empty, Function: getTranslation 
Error - [22-04-2025 11:52:59]: conn Variable is empty, Function: getTranslation 
Error - [22-04-2025 11:52:59]: conn Variable is empty, Function: getTranslation 
Error - [22-04-2025 11:52:59]: conn Variable is empty, Function: getTranslation 
Error - [22-04-2025 11:52:59]: conn Variable is empty, Function: getTranslation 
Warning - [22-04-2025 11:52:59]: row_la_code or row_la_code ist empty 
Error - [22-04-2025 11:52:59]: conn Variable is empty, Function: getTranslation 
Error - [22-04-2025 11:52:59]: conn Variable is empty, Function: getTranslation 
Error - [22-04-2025 11:52:59]: conn Variable is empty, Function: getTranslation 
Error - [22-04-2025 11:52:59]: conn Variable is empty, Function: getTranslation 
Error - [22-04-2025 11:52:59]: conn Variable is empty, Function: getTranslation 
Error - [22-04-2025 11:52:59]: conn Variable is empty, Function: getTranslation 
Error - [22-04-2025 11:52:59]: conn Variable is empty, Function: getTranslation 
Error - [22-04-2025 11:52:59]: conn Variable is empty, Function: getTranslation 
Error - [22-04-2025 11:52:59]: conn Variable is empty, Function: getTranslation 
Error - [22-04-2025 11:52:59]: conn Variable is empty, Function: getTranslation 
Error - [22-04-2025 11:52:59]: conn Variable is empty, Function: getTranslation 
Error - [22-04-2025 11:52:59]: conn Variable is empty, Function: getTranslation 
Error - [22-04-2025 11:52:59]: conn Variable is empty, Function: getTranslation 
Error - [22-04-2025 11:52:59]: conn Variable is empty, Function: getTranslation 
error - [22-04-2025 11:55:22]: Exception: php_network_getaddresses: getaddrinfo for db5017708354.hosting-data.io failed: Der angegebene Host ist unbekannt.  
Error - [22-04-2025 11:55:22]: conn Variable is empty, Function: getTranslation 
Error - [22-04-2025 11:55:22]: conn Variable is empty, Function: getTranslation 
Error - [22-04-2025 11:55:22]: conn Variable is empty, Function: getTranslation 
Error - [22-04-2025 11:55:22]: conn Variable is empty, Function: getTranslation 
Error - [22-04-2025 11:55:22]: conn Variable is empty, Function: getTranslation 
Error - [22-04-2025 11:55:22]: conn Variable is empty, Function: getTranslation 
Warning - [22-04-2025 11:55:22]: row_la_code or row_la_code ist empty 
Error - [22-04-2025 11:55:22]: conn Variable is empty, Function: getTranslation 
Error - [22-04-2025 11:55:22]: conn Variable is empty, Function: getTranslation 
Error - [22-04-2025 11:55:22]: conn Variable is empty, Function: getTranslation 
Error - [22-04-2025 11:55:22]: conn Variable is empty, Function: getTranslation 
Error - [22-04-2025 11:55:22]: conn Variable is empty, Function: getTranslation 
Error - [22-04-2025 11:55:22]: conn Variable is empty, Function: getTranslation 
Error - [22-04-2025 11:55:22]: conn Variable is empty, Function: getTranslation 
Error - [22-04-2025 11:55:22]: conn Variable is empty, Function: getTranslation 
Error - [22-04-2025 11:55:22]: conn Variable is empty, Function: getTranslation 
Error - [22-04-2025 11:55:22]: conn Variable is empty, Function: getTranslation 
Error - [22-04-2025 11:55:22]: conn Variable is empty, Function: getTranslation 
Error - [22-04-2025 11:55:22]: conn Variable is empty, Function: getTranslation 
Error - [22-04-2025 11:55:22]: conn Variable is empty, Function: getTranslation 
Error - [22-04-2025 11:55:22]: conn Variable is empty, Function: getTranslation 
error - [22-04-2025 11:55:23]: Exception: php_network_getaddresses: getaddrinfo for db5017708354.hosting-data.io failed: Der angegebene Host ist unbekannt.  
Error - [22-04-2025 11:55:24]: conn Variable is empty, Function: getTranslation 
Error - [22-04-2025 11:55:24]: conn Variable is empty, Function: getTranslation 
Error - [22-04-2025 11:55:24]: conn Variable is empty, Function: getTranslation 
Error - [22-04-2025 11:55:24]: conn Variable is empty, Function: getTranslation 
Error - [22-04-2025 11:55:24]: conn Variable is empty, Function: getTranslation 
Error - [22-04-2025 11:55:24]: conn Variable is empty, Function: getTranslation 
Warning - [22-04-2025 11:55:24]: row_la_code or row_la_code ist empty 
Error - [22-04-2025 11:55:24]: conn Variable is empty, Function: getTranslation 
Error - [22-04-2025 11:55:24]: conn Variable is empty, Function: getTranslation 
Error - [22-04-2025 11:55:24]: conn Variable is empty, Function: getTranslation 
Error - [22-04-2025 11:55:24]: conn Variable is empty, Function: getTranslation 
Error - [22-04-2025 11:55:24]: conn Variable is empty, Function: getTranslation 
Error - [22-04-2025 11:55:24]: conn Variable is empty, Function: getTranslation 
Error - [22-04-2025 11:55:24]: conn Variable is empty, Function: getTranslation 
Error - [22-04-2025 11:55:24]: conn Variable is empty, Function: getTranslation 
Error - [22-04-2025 11:55:24]: conn Variable is empty, Function: getTranslation 
Error - [22-04-2025 11:55:24]: conn Variable is empty, Function: getTranslation 
Error - [22-04-2025 11:55:24]: conn Variable is empty, Function: getTranslation 
Error - [22-04-2025 11:55:24]: conn Variable is empty, Function: getTranslation 
Error - [22-04-2025 11:55:24]: conn Variable is empty, Function: getTranslation 
Error - [22-04-2025 11:55:24]: conn Variable is empty, Function: getTranslation 
error - [22-04-2025 11:55:24]: Exception: php_network_getaddresses: getaddrinfo for db5017708354.hosting-data.io failed: Der angegebene Host ist unbekannt.  
Error - [22-04-2025 11:55:24]: conn Variable is empty, Function: getTranslation 
Error - [22-04-2025 11:55:24]: conn Variable is empty, Function: getTranslation 
Error - [22-04-2025 11:55:24]: conn Variable is empty, Function: getTranslation 
Error - [22-04-2025 11:55:24]: conn Variable is empty, Function: getTranslation 
Error - [22-04-2025 11:55:24]: conn Variable is empty, Function: getTranslation 
Error - [22-04-2025 11:55:24]: conn Variable is empty, Function: getTranslation 
Warning - [22-04-2025 11:55:24]: row_la_code or row_la_code ist empty 
Error - [22-04-2025 11:55:24]: conn Variable is empty, Function: getTranslation 
Error - [22-04-2025 11:55:24]: conn Variable is empty, Function: getTranslation 
Error - [22-04-2025 11:55:24]: conn Variable is empty, Function: getTranslation 
Error - [22-04-2025 11:55:24]: conn Variable is empty, Function: getTranslation 
Error - [22-04-2025 11:55:24]: conn Variable is empty, Function: getTranslation 
Error - [22-04-2025 11:55:24]: conn Variable is empty, Function: getTranslation 
Error - [22-04-2025 11:55:24]: conn Variable is empty, Function: getTranslation 
Error - [22-04-2025 11:55:24]: conn Variable is empty, Function: getTranslation 
Error - [22-04-2025 11:55:24]: conn Variable is empty, Function: getTranslation 
Error - [22-04-2025 11:55:24]: conn Variable is empty, Function: getTranslation 
Error - [22-04-2025 11:55:24]: conn Variable is empty, Function: getTranslation 
Error - [22-04-2025 11:55:24]: conn Variable is empty, Function: getTranslation 
Error - [22-04-2025 11:55:24]: conn Variable is empty, Function: getTranslation 
Error - [22-04-2025 11:55:24]: conn Variable is empty, Function: getTranslation 
error - [22-04-2025 11:55:25]: Exception: php_network_getaddresses: getaddrinfo for db5017708354.hosting-data.io failed: Der angegebene Host ist unbekannt.  
Error - [22-04-2025 11:55:25]: conn Variable is empty, Function: getTranslation 
Error - [22-04-2025 11:55:25]: conn Variable is empty, Function: getTranslation 
Error - [22-04-2025 11:55:25]: conn Variable is empty, Function: getTranslation 
Error - [22-04-2025 11:55:25]: conn Variable is empty, Function: getTranslation 
Error - [22-04-2025 11:55:25]: conn Variable is empty, Function: getTranslation 
Error - [22-04-2025 11:55:25]: conn Variable is empty, Function: getTranslation 
Warning - [22-04-2025 11:55:25]: row_la_code or row_la_code ist empty 
Error - [22-04-2025 11:55:25]: conn Variable is empty, Function: getTranslation 
Error - [22-04-2025 11:55:25]: conn Variable is empty, Function: getTranslation 
Error - [22-04-2025 11:55:25]: conn Variable is empty, Function: getTranslation 
Error - [22-04-2025 11:55:25]: conn Variable is empty, Function: getTranslation 
Error - [22-04-2025 11:55:25]: conn Variable is empty, Function: getTranslation 
Error - [22-04-2025 11:55:25]: conn Variable is empty, Function: getTranslation 
Error - [22-04-2025 11:55:25]: conn Variable is empty, Function: getTranslation 
Error - [22-04-2025 11:55:25]: conn Variable is empty, Function: getTranslation 
Error - [22-04-2025 11:55:25]: conn Variable is empty, Function: getTranslation 
Error - [22-04-2025 11:55:25]: conn Variable is empty, Function: getTranslation 
Error - [22-04-2025 11:55:25]: conn Variable is empty, Function: getTranslation 
Error - [22-04-2025 11:55:25]: conn Variable is empty, Function: getTranslation 
Error - [22-04-2025 11:55:25]: conn Variable is empty, Function: getTranslation 
Error - [22-04-2025 11:55:25]: conn Variable is empty, Function: getTranslation 
info - [22-04-2025 11:56:15]: MySQL connected successfully 
error - [22-04-2025 11:56:33]: Exception: php_network_getaddresses: getaddrinfo for db5017708354.hosting-data.io failed: Der angegebene Host ist unbekannt.  
Error - [22-04-2025 11:56:33]: conn Variable is empty, Function: getTranslation 
Error - [22-04-2025 11:56:33]: conn Variable is empty, Function: getTranslation 
Error - [22-04-2025 11:56:33]: conn Variable is empty, Function: getTranslation 
Error - [22-04-2025 11:56:33]: conn Variable is empty, Function: getTranslation 
Error - [22-04-2025 11:56:33]: conn Variable is empty, Function: getTranslation 
Error - [22-04-2025 11:56:33]: conn Variable is empty, Function: getTranslation 
Warning - [22-04-2025 11:56:33]: row_la_code or row_la_code ist empty 
Error - [22-04-2025 11:56:33]: conn Variable is empty, Function: getTranslation 
Error - [22-04-2025 11:56:33]: conn Variable is empty, Function: getTranslation 
Error - [22-04-2025 11:56:33]: conn Variable is empty, Function: getTranslation 
Error - [22-04-2025 11:56:33]: conn Variable is empty, Function: getTranslation 
Error - [22-04-2025 11:56:33]: conn Variable is empty, Function: getTranslation 
Error - [22-04-2025 11:56:33]: conn Variable is empty, Function: getTranslation 
Error - [22-04-2025 11:56:33]: conn Variable is empty, Function: getTranslation 
Error - [22-04-2025 11:56:33]: conn Variable is empty, Function: getTranslation 
Error - [22-04-2025 11:56:33]: conn Variable is empty, Function: getTranslation 
Error - [22-04-2025 11:56:33]: conn Variable is empty, Function: getTranslation 
Error - [22-04-2025 11:56:33]: conn Variable is empty, Function: getTranslation 
Error - [22-04-2025 11:56:33]: conn Variable is empty, Function: getTranslation 
Error - [22-04-2025 11:56:33]: conn Variable is empty, Function: getTranslation 
Error - [22-04-2025 11:56:33]: conn Variable is empty, Function: getTranslation 
info - [22-04-2025 12:09:26]: MySQL connected successfully 
info - [22-04-2025 12:09:49]: MySQL connected successfully 
info - [22-04-2025 12:09:50]: MySQL connected successfully 
info - [22-04-2025 12:09:51]: MySQL connected successfully 
info - [22-04-2025 12:09:52]: MySQL connected successfully 
info - [22-04-2025 12:09:52]: MySQL connected successfully 
info - [22-04-2025 12:09:55]: MySQL connected successfully 
info - [22-04-2025 12:09:55]: MySQL connected successfully 
info - [22-04-2025 12:09:55]: MySQL connected successfully 
info - [22-04-2025 13:14:25]: MySQL connected successfully 
info - [22-04-2025 13:47:03]: MySQL connected successfully 
info - [22-04-2025 13:55:23]: MySQL connected successfully 
error - [22-04-2025 15:00:22]: Exception: php_network_getaddresses: getaddrinfo for db5017708354.hosting-data.io failed: Der angegebene Host ist unbekannt.  
Error - [22-04-2025 15:00:22]: conn Variable is empty, Function: getTranslation 
Error - [22-04-2025 15:00:22]: conn Variable is empty, Function: getTranslation 
Error - [22-04-2025 15:00:22]: conn Variable is empty, Function: getTranslation 
Error - [22-04-2025 15:00:22]: conn Variable is empty, Function: getTranslation 
Error - [22-04-2025 15:00:22]: conn Variable is empty, Function: getTranslation 
Error - [22-04-2025 15:00:22]: conn Variable is empty, Function: getTranslation 
Warning - [22-04-2025 15:00:22]: row_la_code or row_la_code ist empty 
Error - [22-04-2025 15:00:22]: conn Variable is empty, Function: getTranslation 
Error - [22-04-2025 15:00:22]: conn Variable is empty, Function: getTranslation 
Error - [22-04-2025 15:00:22]: conn Variable is empty, Function: getTranslation 
Error - [22-04-2025 15:00:22]: conn Variable is empty, Function: getTranslation 
Error - [22-04-2025 15:00:22]: conn Variable is empty, Function: getTranslation 
Error - [22-04-2025 15:00:22]: conn Variable is empty, Function: getTranslation 
Error - [22-04-2025 15:00:22]: conn Variable is empty, Function: getTranslation 
Error - [22-04-2025 15:00:22]: conn Variable is empty, Function: getTranslation 
Error - [22-04-2025 15:00:22]: conn Variable is empty, Function: getTranslation 
Error - [22-04-2025 15:00:22]: conn Variable is empty, Function: getTranslation 
Error - [22-04-2025 15:00:22]: conn Variable is empty, Function: getTranslation 
Error - [22-04-2025 15:00:22]: conn Variable is empty, Function: getTranslation 
Error - [22-04-2025 15:00:22]: conn Variable is empty, Function: getTranslation 
Error - [22-04-2025 15:00:22]: conn Variable is empty, Function: getTranslation 
error - [22-04-2025 15:01:18]: Exception: Host 'localhost' is not allowed to connect to this MariaDB server 
Error - [22-04-2025 15:01:18]: conn Variable is empty, Function: getTranslation 
Error - [22-04-2025 15:01:18]: conn Variable is empty, Function: getTranslation 
Error - [22-04-2025 15:01:18]: conn Variable is empty, Function: getTranslation 
Error - [22-04-2025 15:01:18]: conn Variable is empty, Function: getTranslation 
Error - [22-04-2025 15:01:18]: conn Variable is empty, Function: getTranslation 
Error - [22-04-2025 15:01:18]: conn Variable is empty, Function: getTranslation 
Warning - [22-04-2025 15:01:18]: row_la_code or row_la_code ist empty 
Error - [22-04-2025 15:01:18]: conn Variable is empty, Function: getTranslation 
Error - [22-04-2025 15:01:18]: conn Variable is empty, Function: getTranslation 
Error - [22-04-2025 15:01:18]: conn Variable is empty, Function: getTranslation 
Error - [22-04-2025 15:01:18]: conn Variable is empty, Function: getTranslation 
Error - [22-04-2025 15:01:18]: conn Variable is empty, Function: getTranslation 
Error - [22-04-2025 15:01:18]: conn Variable is empty, Function: getTranslation 
Error - [22-04-2025 15:01:18]: conn Variable is empty, Function: getTranslation 
Error - [22-04-2025 15:01:18]: conn Variable is empty, Function: getTranslation 
Error - [22-04-2025 15:01:18]: conn Variable is empty, Function: getTranslation 
Error - [22-04-2025 15:01:18]: conn Variable is empty, Function: getTranslation 
Error - [22-04-2025 15:01:18]: conn Variable is empty, Function: getTranslation 
Error - [22-04-2025 15:01:18]: conn Variable is empty, Function: getTranslation 
Error - [22-04-2025 15:01:18]: conn Variable is empty, Function: getTranslation 
Error - [22-04-2025 15:01:18]: conn Variable is empty, Function: getTranslation 
error - [22-04-2025 15:01:26]: Exception: Host 'localhost' is not allowed to connect to this MariaDB server 
Error - [22-04-2025 15:01:26]: conn Variable is empty, Function: getTranslation 
Error - [22-04-2025 15:01:26]: conn Variable is empty, Function: getTranslation 
Error - [22-04-2025 15:01:26]: conn Variable is empty, Function: getTranslation 
Error - [22-04-2025 15:01:26]: conn Variable is empty, Function: getTranslation 
Error - [22-04-2025 15:01:26]: conn Variable is empty, Function: getTranslation 
Error - [22-04-2025 15:01:26]: conn Variable is empty, Function: getTranslation 
Warning - [22-04-2025 15:01:26]: row_la_code or row_la_code ist empty 
Error - [22-04-2025 15:01:26]: conn Variable is empty, Function: getTranslation 
Error - [22-04-2025 15:01:26]: conn Variable is empty, Function: getTranslation 
Error - [22-04-2025 15:01:26]: conn Variable is empty, Function: getTranslation 
Error - [22-04-2025 15:01:26]: conn Variable is empty, Function: getTranslation 
Error - [22-04-2025 15:01:26]: conn Variable is empty, Function: getTranslation 
Error - [22-04-2025 15:01:26]: conn Variable is empty, Function: getTranslation 
Error - [22-04-2025 15:01:26]: conn Variable is empty, Function: getTranslation 
Error - [22-04-2025 15:01:26]: conn Variable is empty, Function: getTranslation 
Error - [22-04-2025 15:01:26]: conn Variable is empty, Function: getTranslation 
Error - [22-04-2025 15:01:26]: conn Variable is empty, Function: getTranslation 
Error - [22-04-2025 15:01:26]: conn Variable is empty, Function: getTranslation 
Error - [22-04-2025 15:01:26]: conn Variable is empty, Function: getTranslation 
Error - [22-04-2025 15:01:26]: conn Variable is empty, Function: getTranslation 
Error - [22-04-2025 15:01:26]: conn Variable is empty, Function: getTranslation 
error - [22-04-2025 15:01:26]: Exception: Host 'localhost' is not allowed to connect to this MariaDB server 
Error - [22-04-2025 15:01:26]: conn Variable is empty, Function: getTranslation 
Error - [22-04-2025 15:01:26]: conn Variable is empty, Function: getTranslation 
Error - [22-04-2025 15:01:26]: conn Variable is empty, Function: getTranslation 
Error - [22-04-2025 15:01:26]: conn Variable is empty, Function: getTranslation 
Error - [22-04-2025 15:01:26]: conn Variable is empty, Function: getTranslation 
Error - [22-04-2025 15:01:26]: conn Variable is empty, Function: getTranslation 
Warning - [22-04-2025 15:01:26]: row_la_code or row_la_code ist empty 
Error - [22-04-2025 15:01:26]: conn Variable is empty, Function: getTranslation 
Error - [22-04-2025 15:01:26]: conn Variable is empty, Function: getTranslation 
Error - [22-04-2025 15:01:26]: conn Variable is empty, Function: getTranslation 
Error - [22-04-2025 15:01:26]: conn Variable is empty, Function: getTranslation 
Error - [22-04-2025 15:01:26]: conn Variable is empty, Function: getTranslation 
Error - [22-04-2025 15:01:26]: conn Variable is empty, Function: getTranslation 
Error - [22-04-2025 15:01:26]: conn Variable is empty, Function: getTranslation 
Error - [22-04-2025 15:01:26]: conn Variable is empty, Function: getTranslation 
Error - [22-04-2025 15:01:26]: conn Variable is empty, Function: getTranslation 
Error - [22-04-2025 15:01:26]: conn Variable is empty, Function: getTranslation 
Error - [22-04-2025 15:01:26]: conn Variable is empty, Function: getTranslation 
Error - [22-04-2025 15:01:26]: conn Variable is empty, Function: getTranslation 
Error - [22-04-2025 15:01:26]: conn Variable is empty, Function: getTranslation 
Error - [22-04-2025 15:01:26]: conn Variable is empty, Function: getTranslation 
error - [22-04-2025 15:01:27]: Exception: Host 'localhost' is not allowed to connect to this MariaDB server 
Error - [22-04-2025 15:01:27]: conn Variable is empty, Function: getTranslation 
Error - [22-04-2025 15:01:27]: conn Variable is empty, Function: getTranslation 
Error - [22-04-2025 15:01:27]: conn Variable is empty, Function: getTranslation 
Error - [22-04-2025 15:01:27]: conn Variable is empty, Function: getTranslation 
Error - [22-04-2025 15:01:27]: conn Variable is empty, Function: getTranslation 
Error - [22-04-2025 15:01:27]: conn Variable is empty, Function: getTranslation 
Warning - [22-04-2025 15:01:27]: row_la_code or row_la_code ist empty 
Error - [22-04-2025 15:01:27]: conn Variable is empty, Function: getTranslation 
Error - [22-04-2025 15:01:27]: conn Variable is empty, Function: getTranslation 
Error - [22-04-2025 15:01:27]: conn Variable is empty, Function: getTranslation 
Error - [22-04-2025 15:01:27]: conn Variable is empty, Function: getTranslation 
Error - [22-04-2025 15:01:27]: conn Variable is empty, Function: getTranslation 
Error - [22-04-2025 15:01:27]: conn Variable is empty, Function: getTranslation 
Error - [22-04-2025 15:01:27]: conn Variable is empty, Function: getTranslation 
Error - [22-04-2025 15:01:27]: conn Variable is empty, Function: getTranslation 
Error - [22-04-2025 15:01:27]: conn Variable is empty, Function: getTranslation 
Error - [22-04-2025 15:01:27]: conn Variable is empty, Function: getTranslation 
Error - [22-04-2025 15:01:27]: conn Variable is empty, Function: getTranslation 
Error - [22-04-2025 15:01:27]: conn Variable is empty, Function: getTranslation 
Error - [22-04-2025 15:01:27]: conn Variable is empty, Function: getTranslation 
Error - [22-04-2025 15:01:27]: conn Variable is empty, Function: getTranslation 
error - [22-04-2025 15:01:27]: Exception: Host 'localhost' is not allowed to connect to this MariaDB server 
Error - [22-04-2025 15:01:27]: conn Variable is empty, Function: getTranslation 
Error - [22-04-2025 15:01:27]: conn Variable is empty, Function: getTranslation 
Error - [22-04-2025 15:01:27]: conn Variable is empty, Function: getTranslation 
Error - [22-04-2025 15:01:27]: conn Variable is empty, Function: getTranslation 
Error - [22-04-2025 15:01:27]: conn Variable is empty, Function: getTranslation 
Error - [22-04-2025 15:01:27]: conn Variable is empty, Function: getTranslation 
Warning - [22-04-2025 15:01:27]: row_la_code or row_la_code ist empty 
Error - [22-04-2025 15:01:27]: conn Variable is empty, Function: getTranslation 
Error - [22-04-2025 15:01:27]: conn Variable is empty, Function: getTranslation 
Error - [22-04-2025 15:01:27]: conn Variable is empty, Function: getTranslation 
Error - [22-04-2025 15:01:27]: conn Variable is empty, Function: getTranslation 
Error - [22-04-2025 15:01:27]: conn Variable is empty, Function: getTranslation 
Error - [22-04-2025 15:01:27]: conn Variable is empty, Function: getTranslation 
Error - [22-04-2025 15:01:27]: conn Variable is empty, Function: getTranslation 
Error - [22-04-2025 15:01:27]: conn Variable is empty, Function: getTranslation 
Error - [22-04-2025 15:01:27]: conn Variable is empty, Function: getTranslation 
Error - [22-04-2025 15:01:27]: conn Variable is empty, Function: getTranslation 
Error - [22-04-2025 15:01:27]: conn Variable is empty, Function: getTranslation 
Error - [22-04-2025 15:01:27]: conn Variable is empty, Function: getTranslation 
Error - [22-04-2025 15:01:27]: conn Variable is empty, Function: getTranslation 
Error - [22-04-2025 15:01:27]: conn Variable is empty, Function: getTranslation 
error - [22-04-2025 15:01:27]: Exception: Host 'localhost' is not allowed to connect to this MariaDB server 
Error - [22-04-2025 15:01:27]: conn Variable is empty, Function: getTranslation 
Error - [22-04-2025 15:01:27]: conn Variable is empty, Function: getTranslation 
Error - [22-04-2025 15:01:27]: conn Variable is empty, Function: getTranslation 
Error - [22-04-2025 15:01:27]: conn Variable is empty, Function: getTranslation 
Error - [22-04-2025 15:01:27]: conn Variable is empty, Function: getTranslation 
Error - [22-04-2025 15:01:27]: conn Variable is empty, Function: getTranslation 
Warning - [22-04-2025 15:01:27]: row_la_code or row_la_code ist empty 
Error - [22-04-2025 15:01:27]: conn Variable is empty, Function: getTranslation 
Error - [22-04-2025 15:01:27]: conn Variable is empty, Function: getTranslation 
Error - [22-04-2025 15:01:27]: conn Variable is empty, Function: getTranslation 
Error - [22-04-2025 15:01:27]: conn Variable is empty, Function: getTranslation 
Error - [22-04-2025 15:01:27]: conn Variable is empty, Function: getTranslation 
Error - [22-04-2025 15:01:27]: conn Variable is empty, Function: getTranslation 
Error - [22-04-2025 15:01:27]: conn Variable is empty, Function: getTranslation 
Error - [22-04-2025 15:01:27]: conn Variable is empty, Function: getTranslation 
Error - [22-04-2025 15:01:27]: conn Variable is empty, Function: getTranslation 
Error - [22-04-2025 15:01:27]: conn Variable is empty, Function: getTranslation 
Error - [22-04-2025 15:01:27]: conn Variable is empty, Function: getTranslation 
Error - [22-04-2025 15:01:27]: conn Variable is empty, Function: getTranslation 
Error - [22-04-2025 15:01:27]: conn Variable is empty, Function: getTranslation 
Error - [22-04-2025 15:01:27]: conn Variable is empty, Function: getTranslation 
error - [22-04-2025 15:01:55]: Exception: Host 'localhost' is not allowed to connect to this MariaDB server 
Error - [22-04-2025 15:01:55]: conn Variable is empty, Function: getTranslation 
Error - [22-04-2025 15:01:55]: conn Variable is empty, Function: getTranslation 
Error - [22-04-2025 15:01:55]: conn Variable is empty, Function: getTranslation 
Error - [22-04-2025 15:01:55]: conn Variable is empty, Function: getTranslation 
Error - [22-04-2025 15:01:55]: conn Variable is empty, Function: getTranslation 
Error - [22-04-2025 15:01:55]: conn Variable is empty, Function: getTranslation 
Warning - [22-04-2025 15:01:55]: row_la_code or row_la_code ist empty 
Error - [22-04-2025 15:01:55]: conn Variable is empty, Function: getTranslation 
Error - [22-04-2025 15:01:55]: conn Variable is empty, Function: getTranslation 
Error - [22-04-2025 15:01:55]: conn Variable is empty, Function: getTranslation 
Error - [22-04-2025 15:01:55]: conn Variable is empty, Function: getTranslation 
Error - [22-04-2025 15:01:55]: conn Variable is empty, Function: getTranslation 
Error - [22-04-2025 15:01:55]: conn Variable is empty, Function: getTranslation 
Error - [22-04-2025 15:01:55]: conn Variable is empty, Function: getTranslation 
Error - [22-04-2025 15:01:55]: conn Variable is empty, Function: getTranslation 
Error - [22-04-2025 15:01:55]: conn Variable is empty, Function: getTranslation 
Error - [22-04-2025 15:01:55]: conn Variable is empty, Function: getTranslation 
Error - [22-04-2025 15:01:55]: conn Variable is empty, Function: getTranslation 
Error - [22-04-2025 15:01:55]: conn Variable is empty, Function: getTranslation 
Error - [22-04-2025 15:01:55]: conn Variable is empty, Function: getTranslation 
Error - [22-04-2025 15:01:55]: conn Variable is empty, Function: getTranslation 
error - [22-04-2025 15:01:56]: Exception: Host 'localhost' is not allowed to connect to this MariaDB server 
Error - [22-04-2025 15:01:56]: conn Variable is empty, Function: getTranslation 
Error - [22-04-2025 15:01:56]: conn Variable is empty, Function: getTranslation 
Error - [22-04-2025 15:01:56]: conn Variable is empty, Function: getTranslation 
Error - [22-04-2025 15:01:56]: conn Variable is empty, Function: getTranslation 
Error - [22-04-2025 15:01:56]: conn Variable is empty, Function: getTranslation 
Error - [22-04-2025 15:01:56]: conn Variable is empty, Function: getTranslation 
Warning - [22-04-2025 15:01:56]: row_la_code or row_la_code ist empty 
Error - [22-04-2025 15:01:56]: conn Variable is empty, Function: getTranslation 
Error - [22-04-2025 15:01:56]: conn Variable is empty, Function: getTranslation 
Error - [22-04-2025 15:01:56]: conn Variable is empty, Function: getTranslation 
Error - [22-04-2025 15:01:56]: conn Variable is empty, Function: getTranslation 
Error - [22-04-2025 15:01:56]: conn Variable is empty, Function: getTranslation 
Error - [22-04-2025 15:01:56]: conn Variable is empty, Function: getTranslation 
Error - [22-04-2025 15:01:56]: conn Variable is empty, Function: getTranslation 
Error - [22-04-2025 15:01:56]: conn Variable is empty, Function: getTranslation 
Error - [22-04-2025 15:01:56]: conn Variable is empty, Function: getTranslation 
Error - [22-04-2025 15:01:56]: conn Variable is empty, Function: getTranslation 
Error - [22-04-2025 15:01:56]: conn Variable is empty, Function: getTranslation 
Error - [22-04-2025 15:01:56]: conn Variable is empty, Function: getTranslation 
Error - [22-04-2025 15:01:56]: conn Variable is empty, Function: getTranslation 
Error - [22-04-2025 15:01:56]: conn Variable is empty, Function: getTranslation 
error - [22-04-2025 15:01:56]: Exception: Host 'localhost' is not allowed to connect to this MariaDB server 
Error - [22-04-2025 15:01:56]: conn Variable is empty, Function: getTranslation 
Error - [22-04-2025 15:01:56]: conn Variable is empty, Function: getTranslation 
Error - [22-04-2025 15:01:56]: conn Variable is empty, Function: getTranslation 
Error - [22-04-2025 15:01:56]: conn Variable is empty, Function: getTranslation 
Error - [22-04-2025 15:01:56]: conn Variable is empty, Function: getTranslation 
Error - [22-04-2025 15:01:56]: conn Variable is empty, Function: getTranslation 
Warning - [22-04-2025 15:01:56]: row_la_code or row_la_code ist empty 
Error - [22-04-2025 15:01:56]: conn Variable is empty, Function: getTranslation 
Error - [22-04-2025 15:01:56]: conn Variable is empty, Function: getTranslation 
Error - [22-04-2025 15:01:56]: conn Variable is empty, Function: getTranslation 
Error - [22-04-2025 15:01:56]: conn Variable is empty, Function: getTranslation 
Error - [22-04-2025 15:01:56]: conn Variable is empty, Function: getTranslation 
Error - [22-04-2025 15:01:56]: conn Variable is empty, Function: getTranslation 
Error - [22-04-2025 15:01:56]: conn Variable is empty, Function: getTranslation 
Error - [22-04-2025 15:01:56]: conn Variable is empty, Function: getTranslation 
Error - [22-04-2025 15:01:56]: conn Variable is empty, Function: getTranslation 
Error - [22-04-2025 15:01:56]: conn Variable is empty, Function: getTranslation 
Error - [22-04-2025 15:01:56]: conn Variable is empty, Function: getTranslation 
Error - [22-04-2025 15:01:56]: conn Variable is empty, Function: getTranslation 
Error - [22-04-2025 15:01:56]: conn Variable is empty, Function: getTranslation 
Error - [22-04-2025 15:01:56]: conn Variable is empty, Function: getTranslation 
error - [22-04-2025 15:01:56]: Exception: Host 'localhost' is not allowed to connect to this MariaDB server 
Error - [22-04-2025 15:01:56]: conn Variable is empty, Function: getTranslation 
Error - [22-04-2025 15:01:56]: conn Variable is empty, Function: getTranslation 
Error - [22-04-2025 15:01:56]: conn Variable is empty, Function: getTranslation 
Error - [22-04-2025 15:01:56]: conn Variable is empty, Function: getTranslation 
Error - [22-04-2025 15:01:56]: conn Variable is empty, Function: getTranslation 
Error - [22-04-2025 15:01:56]: conn Variable is empty, Function: getTranslation 
Warning - [22-04-2025 15:01:56]: row_la_code or row_la_code ist empty 
Error - [22-04-2025 15:01:56]: conn Variable is empty, Function: getTranslation 
Error - [22-04-2025 15:01:56]: conn Variable is empty, Function: getTranslation 
Error - [22-04-2025 15:01:56]: conn Variable is empty, Function: getTranslation 
Error - [22-04-2025 15:01:56]: conn Variable is empty, Function: getTranslation 
Error - [22-04-2025 15:01:56]: conn Variable is empty, Function: getTranslation 
Error - [22-04-2025 15:01:56]: conn Variable is empty, Function: getTranslation 
Error - [22-04-2025 15:01:56]: conn Variable is empty, Function: getTranslation 
Error - [22-04-2025 15:01:56]: conn Variable is empty, Function: getTranslation 
Error - [22-04-2025 15:01:56]: conn Variable is empty, Function: getTranslation 
Error - [22-04-2025 15:01:56]: conn Variable is empty, Function: getTranslation 
Error - [22-04-2025 15:01:56]: conn Variable is empty, Function: getTranslation 
Error - [22-04-2025 15:01:56]: conn Variable is empty, Function: getTranslation 
Error - [22-04-2025 15:01:56]: conn Variable is empty, Function: getTranslation 
Error - [22-04-2025 15:01:56]: conn Variable is empty, Function: getTranslation 
error - [22-04-2025 15:01:56]: Exception: Host 'localhost' is not allowed to connect to this MariaDB server 
Error - [22-04-2025 15:01:56]: conn Variable is empty, Function: getTranslation 
Error - [22-04-2025 15:01:56]: conn Variable is empty, Function: getTranslation 
Error - [22-04-2025 15:01:56]: conn Variable is empty, Function: getTranslation 
Error - [22-04-2025 15:01:56]: conn Variable is empty, Function: getTranslation 
Error - [22-04-2025 15:01:56]: conn Variable is empty, Function: getTranslation 
Error - [22-04-2025 15:01:56]: conn Variable is empty, Function: getTranslation 
Warning - [22-04-2025 15:01:56]: row_la_code or row_la_code ist empty 
Error - [22-04-2025 15:01:56]: conn Variable is empty, Function: getTranslation 
Error - [22-04-2025 15:01:56]: conn Variable is empty, Function: getTranslation 
Error - [22-04-2025 15:01:56]: conn Variable is empty, Function: getTranslation 
Error - [22-04-2025 15:01:56]: conn Variable is empty, Function: getTranslation 
Error - [22-04-2025 15:01:56]: conn Variable is empty, Function: getTranslation 
Error - [22-04-2025 15:01:56]: conn Variable is empty, Function: getTranslation 
Error - [22-04-2025 15:01:56]: conn Variable is empty, Function: getTranslation 
Error - [22-04-2025 15:01:56]: conn Variable is empty, Function: getTranslation 
Error - [22-04-2025 15:01:56]: conn Variable is empty, Function: getTranslation 
Error - [22-04-2025 15:01:56]: conn Variable is empty, Function: getTranslation 
Error - [22-04-2025 15:01:56]: conn Variable is empty, Function: getTranslation 
Error - [22-04-2025 15:01:56]: conn Variable is empty, Function: getTranslation 
Error - [22-04-2025 15:01:56]: conn Variable is empty, Function: getTranslation 
Error - [22-04-2025 15:01:56]: conn Variable is empty, Function: getTranslation 
info - [22-04-2025 15:13:24]: MySQL connected successfully 
info - [22-04-2025 15:13:25]: MySQL connected successfully 
info - [22-04-2025 15:22:55]: MySQL connected successfully 
info - [22-04-2025 15:23:38]: MySQL connected successfully 
info - [22-04-2025 15:23:38]: MySQL connected successfully 
info - [22-04-2025 15:23:39]: MySQL connected successfully 
info - [22-04-2025 15:23:40]: MySQL connected successfully 
info - [22-04-2025 15:23:42]: MySQL connected successfully 
info - [22-04-2025 15:23:42]: MySQL connected successfully 
info - [22-04-2025 15:23:42]: MySQL connected successfully 
info - [22-04-2025 15:23:42]: MySQL connected successfully 
info - [22-04-2025 15:23:49]: MySQL connected successfully 
info - [22-04-2025 15:23:49]: MySQL connected successfully 
info - [22-04-2025 15:23:50]: MySQL connected successfully 
info - [22-04-2025 15:23:51]: MySQL connected successfully 
info - [22-04-2025 15:23:51]: MySQL connected successfully 
info - [22-04-2025 15:23:51]: MySQL connected successfully 
info - [22-04-2025 15:23:51]: MySQL connected successfully 
info - [22-04-2025 15:23:57]: MySQL connected successfully 
info - [22-04-2025 15:23:58]: MySQL connected successfully 
info - [22-04-2025 15:23:59]: MySQL connected successfully 
info - [22-04-2025 15:24:02]: MySQL connected successfully 
info - [22-04-2025 15:24:02]: MySQL connected successfully 
info - [22-04-2025 15:24:02]: MySQL connected successfully 
info - [22-04-2025 15:24:03]: MySQL connected successfully 
info - [22-04-2025 15:24:03]: MySQL connected successfully 
